<?xml version="1.0" encoding="UTF-8"?>
<!-- Generated by org.testng.reporters.JUnitXMLReporter -->
<testsuite ignored="2" hostname="Rajesh" failures="0" tests="3" name="Test" time="8.495" errors="0" timestamp="2025-04-10T16:55:03 IST">
  <testcase classname="com.leaftaps.testcases.TC001_VerifyLogin" name="runLogin" time="0.294"/>
  <testcase classname="com.leaftaps.testcases.TC001_VerifyLogin" name="runLogin1" time="0.151"/>
  <testcase classname="com.leaftaps.testcases.TC002_VerifyLogout" name="runLogin" time="2.444"/>
  <testcase classname="com.framework.utils.Reporter" name="@AfterSuite endReport" time="0.0">
    <ignored/>
  </testcase> <!-- @AfterSuite endReport -->
  <testcase classname="com.framework.utils.Reporter" name="@BeforeSuite startReport" time="0.0">
    <ignored/>
  </testcase> <!-- @BeforeSuite startReport -->
</testsuite> <!-- Test -->
