<?xml version="1.0" encoding="UTF-8"?>
<testng-results ignored="0" total="2" passed="2" failed="0" skipped="0">
  <reporter-output>
  </reporter-output>
  <suite started-at="2025-07-13T12:26:47 IST" name="Suite" finished-at="2025-07-13T12:26:58 IST" duration-ms="11653">
    <groups>
      <group name="cucumber">
        <method signature="AbstractTestNGCucumberTests.runScenario(cucumber.api.testng.PickleEventWrapper,cucumber.api.testng.CucumberFeatureWrapper)[pri:0, instance:com.leaftaps.testcases.TC001_VerifyLogin@7dc3712]" name="runScenario" class="cucumber.api.testng.AbstractTestNGCucumberTests"/>
        <method signature="AbstractTestNGCucumberTests.runScenario(cucumber.api.testng.PickleEventWrapper,cucumber.api.testng.CucumberFeatureWrapper)[pri:0, instance:com.leaftaps.testcases.TC002_VerifyLogout@6d5620ce]" name="runScenario" class="cucumber.api.testng.AbstractTestNGCucumberTests"/>
      </group> <!-- cucumber -->
    </groups>
    <test started-at="2025-07-13T12:26:47 IST" name="Test" finished-at="2025-07-13T12:26:58 IST" duration-ms="11653">
      <class name="com.leaftaps.testcases.TC001_VerifyLogin">
        <test-method is-config="true" signature="startReport()[pri:0, instance:com.leaftaps.testcases.TC001_VerifyLogin@7dc3712]" started-at="2025-07-13T12:26:46 IST" name="startReport" finished-at="2025-07-13T12:26:47 IST" duration-ms="164" status="PASS">
          <reporter-output>
          </reporter-output>
        </test-method> <!-- startReport -->
        <test-method is-config="true" signature="setValues()[pri:0, instance:com.leaftaps.testcases.TC001_VerifyLogin@7dc3712]" started-at="2025-07-13T12:26:47 IST" name="setValues" finished-at="2025-07-13T12:26:47 IST" duration-ms="0" status="PASS">
          <reporter-output>
          </reporter-output>
        </test-method> <!-- setValues -->
        <test-method is-config="true" signature="setUpClass()[pri:0, instance:com.leaftaps.testcases.TC001_VerifyLogin@7dc3712]" started-at="2025-07-13T12:26:47 IST" name="setUpClass" finished-at="2025-07-13T12:26:47 IST" duration-ms="68" status="PASS">
          <reporter-output>
          </reporter-output>
        </test-method> <!-- setUpClass -->
        <test-method is-config="true" signature="browserObject()[pri:0, instance:com.leaftaps.testcases.TC001_VerifyLogin@7dc3712]" started-at="2025-07-13T12:26:47 IST" name="browserObject" finished-at="2025-07-13T12:26:50 IST" duration-ms="2858" status="PASS">
          <reporter-output>
          </reporter-output>
        </test-method> <!-- browserObject -->
        <test-method is-config="true" signature="startTestCase()[pri:0, instance:com.leaftaps.testcases.TC001_VerifyLogin@7dc3712]" started-at="2025-07-13T12:26:50 IST" name="startTestCase" finished-at="2025-07-13T12:26:50 IST" duration-ms="5" status="PASS">
          <reporter-output>
          </reporter-output>
        </test-method> <!-- startTestCase -->
        <test-method is-config="true" signature="setNode()[pri:0, instance:com.leaftaps.testcases.TC001_VerifyLogin@7dc3712]" started-at="2025-07-13T12:26:50 IST" name="setNode" finished-at="2025-07-13T12:26:50 IST" duration-ms="0" status="PASS">
          <reporter-output>
          </reporter-output>
        </test-method> <!-- setNode -->
        <test-method is-config="true" signature="preCondition()[pri:0, instance:com.leaftaps.testcases.TC001_VerifyLogin@7dc3712]" started-at="2025-07-13T12:26:50 IST" name="preCondition" finished-at="2025-07-13T12:26:56 IST" duration-ms="5757" status="PASS">
          <reporter-output>
          </reporter-output>
        </test-method> <!-- preCondition -->
        <test-method signature="runLogin(java.lang.String,java.lang.String)[pri:0, instance:com.leaftaps.testcases.TC001_VerifyLogin@7dc3712]" started-at="2025-07-13T12:26:56 IST" name="runLogin" data-provider="fetchData" finished-at="2025-07-13T12:26:57 IST" duration-ms="1351" status="PASS">
          <params>
            <param index="0">
              <value>
                <![CDATA[Demosalesmanager]]>
              </value>
            </param>
            <param index="1">
              <value>
                <![CDATA[crmsfa]]>
              </value>
            </param>
          </params>
          <reporter-output>
          </reporter-output>
        </test-method> <!-- runLogin -->
        <test-method is-config="true" signature="postCondition()[pri:0, instance:com.leaftaps.testcases.TC001_VerifyLogin@7dc3712]" started-at="2025-07-13T12:26:57 IST" name="postCondition" finished-at="2025-07-13T12:26:57 IST" duration-ms="0" status="PASS">
          <reporter-output>
          </reporter-output>
        </test-method> <!-- postCondition -->
        <test-method is-config="true" signature="tearDownClass()[pri:0, instance:com.leaftaps.testcases.TC001_VerifyLogin@7dc3712]" started-at="2025-07-13T12:26:57 IST" name="tearDownClass" finished-at="2025-07-13T12:26:57 IST" duration-ms="2" status="PASS">
          <reporter-output>
          </reporter-output>
        </test-method> <!-- tearDownClass -->
        <test-method is-config="true" signature="endReport()[pri:0, instance:com.leaftaps.testcases.TC001_VerifyLogin@7dc3712]" started-at="2025-07-13T12:26:58 IST" name="endReport" finished-at="2025-07-13T12:26:59 IST" duration-ms="205" status="PASS">
          <reporter-output>
          </reporter-output>
        </test-method> <!-- endReport -->
      </class> <!-- com.leaftaps.testcases.TC001_VerifyLogin -->
      <class name="com.leaftaps.testcases.TC002_VerifyLogout">
        <test-method is-config="true" signature="setValues()[pri:0, instance:com.leaftaps.testcases.TC002_VerifyLogout@6d5620ce]" started-at="2025-07-13T12:26:47 IST" name="setValues" finished-at="2025-07-13T12:26:47 IST" duration-ms="1" status="PASS">
          <reporter-output>
          </reporter-output>
        </test-method> <!-- setValues -->
        <test-method is-config="true" signature="setUpClass()[pri:0, instance:com.leaftaps.testcases.TC002_VerifyLogout@6d5620ce]" started-at="2025-07-13T12:26:57 IST" name="setUpClass" finished-at="2025-07-13T12:26:57 IST" duration-ms="1" status="PASS">
          <reporter-output>
          </reporter-output>
        </test-method> <!-- setUpClass -->
        <test-method is-config="true" signature="startTestCase()[pri:0, instance:com.leaftaps.testcases.TC002_VerifyLogout@6d5620ce]" started-at="2025-07-13T12:26:57 IST" name="startTestCase" finished-at="2025-07-13T12:26:57 IST" duration-ms="1" status="PASS">
          <reporter-output>
          </reporter-output>
        </test-method> <!-- startTestCase -->
        <test-method is-config="true" signature="browserObject()[pri:0, instance:com.leaftaps.testcases.TC002_VerifyLogout@6d5620ce]" started-at="2025-07-13T12:26:57 IST" name="browserObject" finished-at="2025-07-13T12:26:57 IST" duration-ms="0" status="PASS">
          <reporter-output>
          </reporter-output>
        </test-method> <!-- browserObject -->
        <test-method is-config="true" signature="setNode()[pri:0, instance:com.leaftaps.testcases.TC002_VerifyLogout@6d5620ce]" started-at="2025-07-13T12:26:57 IST" name="setNode" finished-at="2025-07-13T12:26:57 IST" duration-ms="1" status="PASS">
          <reporter-output>
          </reporter-output>
        </test-method> <!-- setNode -->
        <test-method is-config="true" signature="preCondition()[pri:0, instance:com.leaftaps.testcases.TC002_VerifyLogout@6d5620ce]" started-at="2025-07-13T12:26:57 IST" name="preCondition" finished-at="2025-07-13T12:26:58 IST" duration-ms="248" status="PASS">
          <reporter-output>
          </reporter-output>
        </test-method> <!-- preCondition -->
        <test-method signature="runLogin(java.lang.String,java.lang.String)[pri:0, instance:com.leaftaps.testcases.TC002_VerifyLogout@6d5620ce]" started-at="2025-07-13T12:26:58 IST" name="runLogin" data-provider="fetchData" finished-at="2025-07-13T12:26:58 IST" duration-ms="719" status="PASS">
          <params>
            <param index="0">
              <value>
                <![CDATA[Demosalesmanager]]>
              </value>
            </param>
            <param index="1">
              <value>
                <![CDATA[crmsfa]]>
              </value>
            </param>
          </params>
          <reporter-output>
          </reporter-output>
        </test-method> <!-- runLogin -->
        <test-method is-config="true" signature="postCondition()[pri:0, instance:com.leaftaps.testcases.TC002_VerifyLogout@6d5620ce]" started-at="2025-07-13T12:26:58 IST" name="postCondition" finished-at="2025-07-13T12:26:58 IST" duration-ms="0" status="PASS">
          <reporter-output>
          </reporter-output>
        </test-method> <!-- postCondition -->
        <test-method is-config="true" signature="tearDownClass()[pri:0, instance:com.leaftaps.testcases.TC002_VerifyLogout@6d5620ce]" started-at="2025-07-13T12:26:58 IST" name="tearDownClass" finished-at="2025-07-13T12:26:58 IST" duration-ms="0" status="PASS">
          <reporter-output>
          </reporter-output>
        </test-method> <!-- tearDownClass -->
      </class> <!-- com.leaftaps.testcases.TC002_VerifyLogout -->
    </test> <!-- Test -->
  </suite> <!-- Suite -->
</testng-results>
